<?xml version="1.0" encoding="UTF-8"?>
<testsuite xmlns:xsi="http://www.w3.org/2001/XMLSchema-instance" xsi:noNamespaceSchemaLocation="https://maven.apache.org/surefire/maven-surefire-plugin/xsd/surefire-test-report.xsd" version="3.0.2" name="tiendatech2.Tiendatech2ApplicationTests" time="7.425" tests="1" errors="0" skipped="0" failures="0">
  <properties>
[...]
</properties>
  <testcase name="contextLoads" classname="tiendatech2.Tiendatech2ApplicationTests" time="0.31">
    <system-out><![CDATA[21:21:11.672 [main] INFO org.springframework.test.context.support.AnnotationConfigContextLoaderUtils -- Could not detect default configuration classes for test class [tiendatech2.Tiendatech2ApplicationTests]: Tiendatech2ApplicationTests does not declare any static, non-private, non-final, nested classes annotated with @Configuration.
21:21:11.822 [main] INFO org.springframework.boot.test.context.SpringBootTestContextBootstrapper -- Found @SpringBootConfiguration tiendatech2.Tiendatech2Application for test class tiendatech2.Tiendatech2ApplicationTests
21:21:12.011 [main] INFO org.springframework.boot.devtools.restart.RestartApplicationListener -- Restart disabled due to context in which it is running

  .   ____          _            __ _ _
 /\\ / ___'_ __ _ _(_)_ __  __ _ \ \ \ \
( ( )\___ | '_ | '_| | '_ \/ _` | \ \ \ \
 \\/  ___)| |_)| | | | | || (_| |  ) ) ) )
  '  |____| .__|_| |_|_| |_\__, | / / / /
 =========|_|==============|___/=/_/_/_/

 :: Spring Boot ::                (v3.5.7)

2025-11-03T21:21:12.390-06:00  INFO 12544 --- [           main] t.Tiendatech2ApplicationTests            : Starting Tiendatech2ApplicationTests using Java 24.0.2 with PID 12544 (started by Fabia in C:\Users\Fabia\Desktop\tiendatech2-main\tiendatech2-main\tiendatech2)
2025-11-03T21:21:12.391-06:00  INFO 12544 --- [           main] t.Tiendatech2ApplicationTests            : No active profile set, falling back to 1 default profile: "default"
2025-11-03T21:21:13.257-06:00  INFO 12544 --- [           main] .s.d.r.c.RepositoryConfigurationDelegate : Bootstrapping Spring Data JPA repositories in DEFAULT mode.
2025-11-03T21:21:13.383-06:00  INFO 12544 --- [           main] .s.d.r.c.RepositoryConfigurationDelegate : Finished Spring Data repository scanning in 115 ms. Found 13 JPA repository interfaces.
2025-11-03T21:21:14.056-06:00  INFO 12544 --- [           main] o.hibernate.jpa.internal.util.LogHelper  : HHH000204: Processing PersistenceUnitInfo [name: default]
2025-11-03T21:21:14.138-06:00  INFO 12544 --- [           main] org.hibernate.Version                    : HHH000412: Hibernate ORM core version 6.6.33.Final
2025-11-03T21:21:14.190-06:00  INFO 12544 --- [           main] o.h.c.internal.RegionFactoryInitiator    : HHH000026: Second-level cache disabled
2025-11-03T21:21:14.660-06:00  INFO 12544 --- [           main] o.s.o.j.p.SpringPersistenceUnitInfo      : No LoadTimeWeaver setup: ignoring JPA class transformer
2025-11-03T21:21:14.693-06:00  INFO 12544 --- [           main] com.zaxxer.hikari.HikariDataSource       : HikariPool-1 - Starting...
2025-11-03T21:21:14.880-06:00  INFO 12544 --- [           main] com.zaxxer.hikari.pool.HikariPool        : HikariPool-1 - Added connection conn0: url=jdbc:h2:mem:tiendatech2 user=SA
2025-11-03T21:21:14.882-06:00  INFO 12544 --- [           main] com.zaxxer.hikari.HikariDataSource       : HikariPool-1 - Start completed.
2025-11-03T21:21:14.903-06:00  WARN 12544 --- [           main] org.hibernate.orm.deprecation            : HHH90000025: H2Dialect does not need to be specified explicitly using 'hibernate.dialect' (remove the property setting and it will be selected by default)
2025-11-03T21:21:14.926-06:00  INFO 12544 --- [           main] org.hibernate.orm.connections.pooling    : HHH10001005: Database info:
	Database JDBC URL [Connecting through datasource 'HikariDataSource (HikariPool-1)']
	Database driver: undefined/unknown
	Database version: 2.3.232
	Autocommit mode: undefined/unknown
	Isolation level: undefined/unknown
	Minimum pool size: undefined/unknown
	Maximum pool size: undefined/unknown
2025-11-03T21:21:16.070-06:00  INFO 12544 --- [           main] o.h.e.t.j.p.i.JtaPlatformInitiator       : HHH000489: No JTA platform available (set 'hibernate.transaction.jta.platform' to enable JTA platform integration)
Hibernate: 
    drop table if exists carrito cascade 
Hibernate: 
    drop table if exists categorias cascade 
Hibernate: 
    drop table if exists chats cascade 
Hibernate: 
    drop table if exists comentarios cascade 
Hibernate: 
    drop table if exists devoluciones cascade 
Hibernate: 
    drop table if exists favoritos cascade 
Hibernate: 
    drop table if exists items_pedido cascade 
Hibernate: 
    drop table if exists mensajes cascade 
Hibernate: 
    drop table if exists metodos_pago cascade 
Hibernate: 
    drop table if exists ofertas cascade 
Hibernate: 
    drop table if exists pedidos cascade 
Hibernate: 
    drop table if exists productos cascade 
Hibernate: 
    drop table if exists roles cascade 
Hibernate: 
    drop table if exists usuarios cascade 
Hibernate: 
    create table carrito (
        cantidad integer not null,
        precio_unitario numeric(10,2) not null,
        id bigint generated by default as identity,
        producto_id bigint not null,
        usuario_id bigint not null,
        primary key (id)
    )
Hibernate: 
    create table categorias (
        activa boolean not null,
        id bigint generated by default as identity,
        descripcion TEXT,
        nombre varchar(255) not null unique,
        primary key (id)
    )
Hibernate: 
    create table chats (
        fecha_cierre timestamp(6),
        fecha_inicio timestamp(6) not null,
        id bigint generated by default as identity,
        usuario_id bigint not null,
        estado enum ('ABIERTO','CERRADO') not null,
        primary key (id)
    )
Hibernate: 
    create table comentarios (
        fecha_comentario timestamp(6) not null,
        id bigint generated by default as identity,
        producto_id bigint not null,
        usuario_id bigint not null,
        contenido TEXT not null,
        primary key (id)
    )
Hibernate: 
    create table devoluciones (
        fecha_resolucion timestamp(6),
        fecha_solicitud timestamp(6) not null,
        id bigint generated by default as identity,
        pedido_id bigint not null unique,
        usuario_id bigint not null,
        motivo TEXT not null,
        observaciones TEXT,
        estado enum ('APROBADA','COMPLETADA','EN_REVISION','RECHAZADA','SOLICITADA') not null,
        primary key (id)
    )
Hibernate: 
    create table favoritos (
        fecha_agregado timestamp(6) not null,
        id bigint generated by default as identity,
        producto_id bigint not null,
        usuario_id bigint not null,
        primary key (id)
    )
Hibernate: 
    create table items_pedido (
        cantidad integer not null,
        precio_unitario numeric(10,2) not null,
        subtotal numeric(10,2) not null,
        id bigint generated by default as identity,
        pedido_id bigint not null,
        producto_id bigint not null,
        primary key (id)
    )
Hibernate: 
    create table mensajes (
        es_admin boolean not null,
        chat_id bigint not null,
        fecha_envio timestamp(6) not null,
        id bigint generated by default as identity,
        usuario_id bigint not null,
        contenido TEXT not null,
        primary key (id)
    )
Hibernate: 
    create table metodos_pago (
        activo boolean not null,
        id bigint generated by default as identity,
        descripcion TEXT,
        nombre varchar(255) not null unique,
        primary key (id)
    )
Hibernate: 
    create table ofertas (
        activa boolean not null,
        porcentaje_descuento numeric(5,2) not null,
        precio_descuento numeric(10,2) not null,
        fecha_fin timestamp(6) not null,
        fecha_inicio timestamp(6) not null,
        id bigint generated by default as identity,
        producto_id bigint not null unique,
        primary key (id)
    )
Hibernate: 
    create table pedidos (
        impuestos numeric(10,2) not null,
        subtotal numeric(10,2) not null,
        total numeric(10,2) not null,
        fecha_pedido timestamp(6) not null,
        id bigint generated by default as identity,
        metodo_pago_id bigint,
        usuario_id bigint not null,
        direccion_entrega varchar(255),
        estado enum ('CANCELADO','ENTREGADO','ENVIADO','EN_PROCESO') not null,
        primary key (id)
    )
Hibernate: 
    create table productos (
        activo boolean not null,
        precio numeric(10,2) not null,
        stock integer not null,
        stock_minimo integer not null,
        categoria_id bigint,
        id bigint generated by default as identity,
        descripcion TEXT,
        imagen_url varchar(255),
        marca varchar(255) not null,
        nombre varchar(255) not null,
        primary key (id)
    )
Hibernate: 
    create table roles (
        id bigint generated by default as identity,
        descripcion varchar(255),
        nombre varchar(255) not null unique,
        primary key (id)
    )
Hibernate: 
    create table usuarios (
        email_confirmado boolean,
        fecha_registro timestamp(6),
        id bigint generated by default as identity,
        rol_id bigint,
        contrasena varchar(255) not null,
        correo varchar(255) not null unique,
        direccion varchar(255),
        nombre varchar(255) not null,
        telefono varchar(255),
        token_confirmacion varchar(255),
        primary key (id)
    )
Hibernate: 
    alter table if exists carrito 
       add constraint FKa66gl3j7wnlwyc1i7rj5cm163 
       foreign key (producto_id) 
       references productos
Hibernate: 
    alter table if exists carrito 
       add constraint FKbunaoq2qnb3gd29rcqv2e2dal 
       foreign key (usuario_id) 
       references usuarios
Hibernate: 
    alter table if exists chats 
       add constraint FKg43yl2kq612ujqrll18u652ty 
       foreign key (usuario_id) 
       references usuarios
Hibernate: 
    alter table if exists comentarios 
       add constraint FK6vkhmonbxnjd9obsfwtkm9ehi 
       foreign key (producto_id) 
       references productos
Hibernate: 
    alter table if exists comentarios 
       add constraint FKdts62yj83qe3k748cgcjvm48r 
       foreign key (usuario_id) 
       references usuarios
Hibernate: 
    alter table if exists devoluciones 
       add constraint FKq95otx3txvlva2hbcxyin7ugi 
       foreign key (pedido_id) 
       references pedidos
Hibernate: 
    alter table if exists devoluciones 
       add constraint FKk3rjrbkcqw2uww8remrng29as 
       foreign key (usuario_id) 
       references usuarios
Hibernate: 
    alter table if exists favoritos 
       add constraint FKrxdxytf48cr005vej8540b0rr 
       foreign key (producto_id) 
       references productos
Hibernate: 
    alter table if exists favoritos 
       add constraint FKq9wif2hcqfxj8t49wo613wm0h 
       foreign key (usuario_id) 
       references usuarios
Hibernate: 
    alter table if exists items_pedido 
       add constraint FKhshdf36fo6kflmxhom10pbn39 
       foreign key (pedido_id) 
       references pedidos
Hibernate: 
    alter table if exists items_pedido 
       add constraint FK7jlim4dtym775y1be8l1l7w3h 
       foreign key (producto_id) 
       references productos
Hibernate: 
    alter table if exists mensajes 
       add constraint FKfopex7lvlrxit1yp536w43hdf 
       foreign key (chat_id) 
       references chats
Hibernate: 
    alter table if exists mensajes 
       add constraint FKk3fkiphgt1u3m0klf763x4hdy 
       foreign key (usuario_id) 
       references usuarios
Hibernate: 
    alter table if exists ofertas 
       add constraint FK30qr6iwjhs13vhfeowvlmroj0 
       foreign key (producto_id) 
       references productos
Hibernate: 
    alter table if exists pedidos 
       add constraint FK1406bqgphpafvi9n6bkd1twa7 
       foreign key (metodo_pago_id) 
       references metodos_pago
Hibernate: 
    alter table if exists pedidos 
       add constraint FK5g0es69v35nmkmpi8uewbphs2 
       foreign key (usuario_id) 
       references usuarios
Hibernate: 
    alter table if exists productos 
       add constraint FK2fwq10nwymfv7fumctxt9vpgb 
       foreign key (categoria_id) 
       references categorias
Hibernate: 
    alter table if exists usuarios 
       add constraint FKqf5elo4jcq7qrt83oi0qmenjo 
       foreign key (rol_id) 
       references roles
2025-11-03T21:21:16.151-06:00  INFO 12544 --- [           main] j.LocalContainerEntityManagerFactoryBean : Initialized JPA EntityManagerFactory for persistence unit 'default'
2025-11-03T21:21:16.760-06:00  INFO 12544 --- [           main] o.s.d.j.r.query.QueryEnhancerFactory     : Hibernate is in classpath; If applicable, HQL parser will be used.
2025-11-03T21:21:17.636-06:00  WARN 12544 --- [           main] JpaBaseConfiguration$JpaWebConfiguration : spring.jpa.open-in-view is enabled by default. Therefore, database queries may be performed during view rendering. Explicitly configure spring.jpa.open-in-view to disable this warning
2025-11-03T21:21:17.685-06:00  INFO 12544 --- [           main] o.s.b.a.w.s.WelcomePageHandlerMapping    : Adding welcome page template: index
2025-11-03T21:21:18.071-06:00  INFO 12544 --- [           main] r$InitializeUserDetailsManagerConfigurer : Global AuthenticationManager configured with UserDetailsService bean with name userDetailsServiceImpl
2025-11-03T21:21:18.532-06:00  INFO 12544 --- [           main] o.s.b.a.h2.H2ConsoleAutoConfiguration    : H2 console available at '/h2-console'. Database available at 'jdbc:h2:mem:tiendatech2'
2025-11-03T21:21:18.624-06:00  INFO 12544 --- [           main] t.Tiendatech2ApplicationTests            : Started Tiendatech2ApplicationTests in 6.63 seconds (process running for 7.853)
]]></system-out>
    <system-err><![CDATA[Mockito is currently self-attaching to enable the inline-mock-maker. This will no longer work in future releases of the JDK. Please add Mockito as an agent to your build as described in Mockito's documentation: https://javadoc.io/doc/org.mockito/mockito-core/latest/org.mockito/org/mockito/Mockito.html#0.3
WARNING: A Java agent has been loaded dynamically (C:\Users\Fabia\.m2\repository\net\bytebuddy\byte-buddy-agent\1.17.8\byte-buddy-agent-1.17.8.jar)
WARNING: If a serviceability tool is in use, please run with -XX:+EnableDynamicAgentLoading to hide this warning
WARNING: If a serviceability tool is not in use, please run with -Djdk.instrument.traceUsage for more information
WARNING: Dynamic loading of agents will be disallowed by default in a future release
]]></system-err>
  </testcase>
</testsuite>